TN:
SF:./src/client/app/account/account.module.js
FN:1,(anonymous_1)
FNF:1
FNH:1
FNDA:1,(anonymous_1)
DA:1,1
DA:4,1
LF:2
LH:2
BRF:0
BRH:0
end_of_record
TN:
SF:./src/client/app/admin/admin.module.js
FN:1,(anonymous_1)
FNF:1
FNH:1
FNDA:1,(anonymous_1)
DA:1,1
DA:4,1
LF:2
LH:2
BRF:0
BRH:0
end_of_record
TN:
SF:./src/client/app/app.module.js
FN:1,(anonymous_1)
FNF:1
FNH:1
FNDA:1,(anonymous_1)
DA:1,1
DA:4,1
LF:2
LH:2
BRF:0
BRH:0
end_of_record
TN:
SF:./src/client/app/blocks/exception/exception.module.js
FN:1,(anonymous_1)
FNF:1
FNH:1
FNDA:1,(anonymous_1)
DA:1,1
DA:4,1
LF:2
LH:2
BRF:0
BRH:0
end_of_record
TN:
SF:./src/client/app/blocks/logger/logger.module.js
FN:1,(anonymous_1)
FNF:1
FNH:1
FNDA:1,(anonymous_1)
DA:1,1
DA:4,1
LF:2
LH:2
BRF:0
BRH:0
end_of_record
TN:
SF:./src/client/app/blocks/router/router.module.js
FN:1,(anonymous_1)
FNF:1
FNH:1
FNDA:1,(anonymous_1)
DA:1,1
DA:4,1
LF:2
LH:2
BRF:0
BRH:0
end_of_record
TN:
SF:./src/client/app/core/core.module.js
FN:1,(anonymous_1)
FNF:1
FNH:1
FNDA:1,(anonymous_1)
DA:1,1
DA:4,1
LF:2
LH:2
BRF:0
BRH:0
end_of_record
TN:
SF:./src/client/app/dashboard/dashboard.module.js
FN:1,(anonymous_1)
FNF:1
FNH:1
FNDA:1,(anonymous_1)
DA:1,1
DA:4,1
LF:2
LH:2
BRF:0
BRH:0
end_of_record
TN:
SF:./src/client/app/layout/layout.module.js
FN:1,(anonymous_1)
FNF:1
FNH:1
FNDA:1,(anonymous_1)
DA:1,1
DA:4,1
LF:2
LH:2
BRF:0
BRH:0
end_of_record
TN:
SF:./src/client/app/patient/patient.module.js
FN:1,(anonymous_1)
FNF:1
FNH:1
FNDA:1,(anonymous_1)
DA:1,1
DA:4,1
LF:2
LH:2
BRF:0
BRH:0
end_of_record
TN:
SF:./src/client/app/widgets/widgets.module.js
FN:1,(anonymous_1)
FNF:1
FNH:1
FNDA:1,(anonymous_1)
DA:1,1
DA:4,1
LF:2
LH:2
BRF:0
BRH:0
end_of_record
TN:
SF:./src/client/app/account/account.controller.js
FN:1,(anonymous_1)
FN:11,AccountController
FN:29,activate
FN:33,(anonymous_4)
FN:42,getPatient
FN:44,(anonymous_6)
FN:50,addPatient
FN:52,(anonymous_8)
FN:59,updatePatient
FN:61,(anonymous_10)
FN:67,login
FN:69,(anonymous_12)
FNF:12
FNH:1
FNDA:1,(anonymous_1)
FNDA:0,AccountController
FNDA:0,activate
FNDA:0,(anonymous_4)
FNDA:0,getPatient
FNDA:0,(anonymous_6)
FNDA:0,addPatient
FNDA:0,(anonymous_8)
FNDA:0,updatePatient
FNDA:0,(anonymous_10)
FNDA:0,login
FNDA:0,(anonymous_12)
DA:1,1
DA:4,1
DA:8,1
DA:11,1
DA:14,0
DA:16,0
DA:17,0
DA:18,0
DA:19,0
DA:20,0
DA:21,0
DA:22,0
DA:23,0
DA:25,0
DA:29,1
DA:30,0
DA:31,0
DA:32,0
DA:33,0
DA:34,0
DA:38,0
DA:42,1
DA:43,0
DA:45,0
DA:46,0
DA:50,1
DA:51,0
DA:53,0
DA:54,0
DA:55,0
DA:59,1
DA:60,0
DA:62,0
DA:63,0
DA:67,1
DA:68,0
DA:70,0
DA:71,0
DA:72,0
LF:39
LH:9
BRDA:30,1,0,0
BRDA:30,1,1,0
BRF:2
BRH:0
end_of_record
TN:
SF:./src/client/app/account/account.route.js
FN:1,(anonymous_1)
FN:10,appRun
FN:14,getStates
FNF:3
FNH:1
FNDA:1,(anonymous_1)
FNDA:0,appRun
FNDA:0,getStates
DA:1,1
DA:4,1
DA:8,1
DA:10,1
DA:11,0
DA:14,1
DA:15,0
LF:7
LH:5
BRF:0
BRH:0
end_of_record
TN:
SF:./src/client/app/admin/admin.controller.js
FN:1,(anonymous_1)
FN:10,AdminController
FN:42,activate
FN:44,(anonymous_4)
FN:49,getPatients
FN:50,(anonymous_6)
FN:56,getAppointments
FN:57,(anonymous_8)
FN:63,getPatientById
FN:65,(anonymous_10)
FN:70,onSelect
FN:74,cancelAppointment
FN:79,addAppointment
FN:81,(anonymous_14)
FN:89,showDatepicker
FN:96,clear
FN:102,update
FNF:17
FNH:1
FNDA:1,(anonymous_1)
FNDA:0,AdminController
FNDA:0,activate
FNDA:0,(anonymous_4)
FNDA:0,getPatients
FNDA:0,(anonymous_6)
FNDA:0,getAppointments
FNDA:0,(anonymous_8)
FNDA:0,getPatientById
FNDA:0,(anonymous_10)
FNDA:0,onSelect
FNDA:0,cancelAppointment
FNDA:0,addAppointment
FNDA:0,(anonymous_14)
FNDA:0,showDatepicker
FNDA:0,clear
FNDA:0,update
DA:1,1
DA:4,1
DA:8,1
DA:10,1
DA:11,0
DA:12,0
DA:13,0
DA:14,0
DA:15,0
DA:16,0
DA:17,0
DA:18,0
DA:21,0
DA:22,0
DA:23,0
DA:24,0
DA:25,0
DA:29,0
DA:30,0
DA:33,0
DA:34,0
DA:35,0
DA:36,0
DA:38,0
DA:40,0
DA:42,1
DA:43,0
DA:44,0
DA:45,0
DA:49,1
DA:50,0
DA:51,0
DA:52,0
DA:56,1
DA:57,0
DA:58,0
DA:59,0
DA:63,1
DA:64,0
DA:66,0
DA:70,1
DA:71,0
DA:74,1
DA:75,0
DA:76,0
DA:79,1
DA:80,0
DA:81,0
DA:82,0
DA:83,0
DA:89,1
DA:90,0
DA:91,0
DA:93,0
DA:96,1
DA:97,0
DA:102,1
DA:103,0
DA:104,0
DA:105,0
DA:106,0
LF:61
LH:14
BRF:0
BRH:0
end_of_record
TN:
SF:./src/client/app/admin/admin.route.js
FN:1,(anonymous_1)
FN:10,appRun
FN:14,getStates
FNF:3
FNH:1
FNDA:1,(anonymous_1)
FNDA:0,appRun
FNDA:0,getStates
DA:1,1
DA:4,1
DA:8,1
DA:10,1
DA:11,0
DA:14,1
DA:15,0
LF:7
LH:5
BRF:0
BRH:0
end_of_record
TN:
SF:./src/client/app/blocks/exception/exception-handler.provider.js
FN:3,(anonymous_1)
FN:15,exceptionHandlerProvider
FN:21,(anonymous_3)
FN:25,(anonymous_4)
FN:39,config
FN:52,extendExceptionHandler
FN:53,(anonymous_7)
FNF:7
FNH:7
FNDA:1,(anonymous_1)
FNDA:23,exceptionHandlerProvider
FNDA:21,(anonymous_3)
FNDA:18,(anonymous_4)
FNDA:23,config
FNDA:16,extendExceptionHandler
FNDA:12,(anonymous_7)
DA:3,1
DA:6,1
DA:15,1
DA:17,23
DA:21,23
DA:22,21
DA:25,23
DA:26,18
DA:30,1
DA:39,1
DA:40,23
DA:43,1
DA:52,1
DA:53,16
DA:54,12
DA:55,12
DA:56,12
DA:57,12
DA:67,0
LF:19
LH:18
BRDA:54,1,0,12
BRDA:54,1,1,0
BRF:2
BRH:1
end_of_record
TN:
SF:./src/client/app/blocks/exception/exception.js
FN:1,(anonymous_1)
FN:11,exception
FN:17,catcher
FN:18,(anonymous_4)
FNF:4
FNH:1
FNDA:1,(anonymous_1)
FNDA:0,exception
FNDA:0,catcher
FNDA:0,(anonymous_4)
DA:1,1
DA:4,1
DA:8,1
DA:11,1
DA:12,0
DA:15,0
DA:17,1
DA:18,0
DA:19,0
LF:9
LH:5
BRF:0
BRH:0
end_of_record
TN:
SF:./src/client/app/blocks/logger/logger.js
FN:1,(anonymous_1)
FN:11,logger
FN:27,error
FN:32,info
FN:37,success
FN:42,warning
FNF:6
FNH:3
FNDA:1,(anonymous_1)
FNDA:16,logger
FNDA:0,error
FNDA:0,info
FNDA:3,success
FNDA:0,warning
DA:1,1
DA:4,1
DA:8,1
DA:11,1
DA:12,16
DA:24,16
DA:27,1
DA:28,0
DA:29,0
DA:32,1
DA:33,0
DA:34,0
DA:37,1
DA:38,3
DA:39,3
DA:42,1
DA:43,0
DA:44,0
LF:18
LH:12
BRF:0
BRH:0
end_of_record
TN:
SF:./src/client/app/blocks/router/router-helper.provider.js
FN:2,(anonymous_1)
FN:11,routerHelperProvider
FN:20,(anonymous_3)
FN:27,RouterHelper
FN:47,configureStates
FN:48,(anonymous_6)
FN:59,handleRoutingErrors
FN:64,(anonymous_8)
FN:82,init
FN:88,getStates
FN:90,updateDocTitle
FN:92,(anonymous_12)
FN:101,authorizePage
FN:102,(anonymous_14)
FNF:14
FNH:12
FNDA:1,(anonymous_1)
FNDA:15,routerHelperProvider
FNDA:15,(anonymous_3)
FNDA:8,RouterHelper
FNDA:9,configureStates
FNDA:9,(anonymous_6)
FNDA:8,handleRoutingErrors
FNDA:0,(anonymous_8)
FNDA:8,init
FNDA:1,getStates
FNDA:8,updateDocTitle
FNDA:0,(anonymous_12)
FNDA:8,authorizePage
FNDA:4,(anonymous_14)
DA:2,1
DA:5,1
DA:9,1
DA:11,1
DA:13,15
DA:18,15
DA:20,15
DA:21,15
DA:24,15
DA:25,15
DA:27,1
DA:28,8
DA:29,8
DA:30,8
DA:35,8
DA:41,8
DA:43,8
DA:47,1
DA:48,9
DA:49,9
DA:51,9
DA:53,9
DA:54,8
DA:55,8
DA:59,1
DA:63,8
DA:65,0
DA:66,0
DA:68,0
DA:69,0
DA:70,0
DA:73,0
DA:76,0
DA:77,0
DA:82,1
DA:83,8
DA:84,8
DA:85,8
DA:88,1
DA:90,1
DA:91,8
DA:93,0
DA:94,0
DA:95,0
DA:96,0
DA:101,1
DA:102,8
DA:103,4
DA:104,4
DA:105,0
DA:106,0
DA:108,0
DA:109,0
DA:112,0
DA:113,0
LF:55
LH:37
BRDA:50,1,0,9
BRDA:50,1,1,9
BRDA:53,2,0,8
BRDA:53,2,1,1
BRDA:53,3,0,9
BRDA:53,3,1,9
BRDA:65,4,0,0
BRDA:65,4,1,0
BRDA:70,5,0,0
BRDA:70,5,1,0
BRDA:70,5,2,0
BRDA:70,5,3,0
BRDA:70,5,4,0
BRDA:74,6,0,0
BRDA:74,6,1,0
BRDA:74,7,0,0
BRDA:74,7,1,0
BRDA:75,8,0,0
BRDA:75,8,1,0
BRDA:95,9,0,0
BRDA:95,9,1,0
BRDA:104,10,0,0
BRDA:104,10,1,0
BRDA:106,11,0,0
BRDA:106,11,1,0
BRF:25
BRH:6
end_of_record
TN:
SF:./src/client/app/core/authinterceptor.js
FN:1,(anonymous_1)
FN:9,AuthInterceptor
FN:11,(anonymous_3)
FN:22,(anonymous_4)
FNF:4
FNH:2
FNDA:1,(anonymous_1)
FNDA:8,AuthInterceptor
FNDA:0,(anonymous_3)
FNDA:0,(anonymous_4)
DA:1,1
DA:4,1
DA:9,1
DA:10,8
DA:12,0
DA:13,0
DA:14,0
DA:15,0
DA:17,0
DA:18,0
DA:20,0
DA:23,0
DA:24,0
DA:25,0
DA:26,0
DA:28,0
LF:16
LH:4
BRDA:14,1,0,0
BRDA:14,1,1,0
BRDA:17,2,0,0
BRDA:17,2,1,0
BRDA:24,3,0,0
BRDA:24,3,1,0
BRDA:24,4,0,0
BRDA:24,4,1,0
BRF:8
BRH:0
end_of_record
TN:
SF:./src/client/app/core/authservice.js
FN:44,(anonymous_1)
FN:53,authservice
FN:65,authorize
FN:77,isAuthenticated
FN:81,login
FN:84,(anonymous_6)
FN:90,logout
FN:96,currentUser
FN:101,isPatient
FN:105,isDoctor
FNF:10
FNH:4
FNDA:1,(anonymous_1)
FNDA:8,authservice
FNDA:5,authorize
FNDA:1,isAuthenticated
FNDA:0,login
FNDA:0,(anonymous_6)
FNDA:0,logout
FNDA:0,currentUser
FNDA:0,isPatient
FNDA:0,isDoctor
DA:44,1
DA:47,1
DA:51,1
DA:53,1
DA:55,8
DA:65,1
DA:66,5
DA:67,0
DA:68,0
DA:69,0
DA:70,0
DA:72,0
DA:73,0
DA:77,1
DA:78,1
DA:81,1
DA:82,0
DA:85,0
DA:86,0
DA:90,1
DA:91,0
DA:92,0
DA:93,0
DA:96,1
DA:97,0
DA:98,0
DA:101,1
DA:102,0
DA:105,1
DA:106,0
LF:30
LH:14
BRDA:67,1,0,0
BRDA:67,1,1,0
BRDA:68,2,0,0
BRDA:68,2,1,0
BRDA:69,3,0,0
BRDA:69,3,1,0
BRDA:70,4,0,0
BRDA:70,4,1,0
BRDA:72,5,0,0
BRDA:72,5,1,0
BRF:10
BRH:0
end_of_record
TN:
SF:./src/client/app/core/config.js
FN:1,(anonymous_1)
FN:10,toastrConfig
FN:26,configure
FNF:3
FNH:3
FNDA:1,(anonymous_1)
FNDA:15,toastrConfig
FNDA:15,configure
DA:1,1
DA:4,1
DA:6,1
DA:8,1
DA:10,1
DA:11,15
DA:12,15
DA:15,1
DA:20,1
DA:22,1
DA:24,1
DA:26,1
DA:27,15
DA:28,15
DA:30,15
DA:31,15
DA:32,15
LF:17
LH:17
BRDA:27,1,0,15
BRDA:27,1,1,0
BRF:2
BRH:1
end_of_record
TN:
SF:./src/client/app/core/constants.js
FN:2,(anonymous_1)
FNF:1
FNH:1
FNDA:1,(anonymous_1)
DA:2,1
DA:5,1
LF:2
LH:2
BRF:0
BRH:0
end_of_record
TN:
SF:./src/client/app/core/core.route.js
FN:1,(anonymous_1)
FN:9,appRun
FN:14,getStates
FNF:3
FNH:3
FNDA:1,(anonymous_1)
FNDA:8,appRun
FNDA:8,getStates
DA:1,1
DA:4,1
DA:9,1
DA:10,8
DA:11,8
DA:14,1
DA:15,8
LF:7
LH:7
BRF:0
BRH:0
end_of_record
TN:
SF:./src/client/app/core/dataservice.js
FN:1,(anonymous_1)
FN:10,dataservice
FN:28,getDoctorsList
FN:33,getDoctorsComplete
FN:37,getDoctorsFailed
FN:42,getPatientsList
FN:47,getPatientsListComplete
FN:51,getPatientsListFailed
FN:56,getPatientById
FN:61,getPatientByIdComplete
FN:65,getPatientByIdFailed
FN:70,getAppointmentsByPatient
FN:76,getAppointmentsByPatientComplete
FN:80,getAppointmentsByPatientFailed
FN:85,getPatientsByDoctor
FN:90,getPatientsByDoctorComplete
FN:94,getPatientsByDoctorFailed
FN:99,getAppointmentsByDoctor
FN:105,getAppointmentsByDoctorComplete
FN:109,getAppointmentsByDoctorFailed
FN:114,cancelAppointment
FN:119,validateAppointment
FN:124,addAppointment
FN:129,addAppointmentComplete
FN:133,addAppointmentFailed
FN:138,addPatient
FN:143,addPatientComplete
FN:147,addPatientFailed
FN:152,updatePatient
FN:157,updatePatientComplete
FN:161,updatePatientFailed
FNF:31
FNH:2
FNDA:1,(anonymous_1)
FNDA:3,dataservice
FNDA:0,getDoctorsList
FNDA:0,getDoctorsComplete
FNDA:0,getDoctorsFailed
FNDA:0,getPatientsList
FNDA:0,getPatientsListComplete
FNDA:0,getPatientsListFailed
FNDA:0,getPatientById
FNDA:0,getPatientByIdComplete
FNDA:0,getPatientByIdFailed
FNDA:0,getAppointmentsByPatient
FNDA:0,getAppointmentsByPatientComplete
FNDA:0,getAppointmentsByPatientFailed
FNDA:0,getPatientsByDoctor
FNDA:0,getPatientsByDoctorComplete
FNDA:0,getPatientsByDoctorFailed
FNDA:0,getAppointmentsByDoctor
FNDA:0,getAppointmentsByDoctorComplete
FNDA:0,getAppointmentsByDoctorFailed
FNDA:0,cancelAppointment
FNDA:0,validateAppointment
FNDA:0,addAppointment
FNDA:0,addAppointmentComplete
FNDA:0,addAppointmentFailed
FNDA:0,addPatient
FNDA:0,addPatientComplete
FNDA:0,addPatientFailed
FNDA:0,updatePatient
FNDA:0,updatePatientComplete
FNDA:0,updatePatientFailed
DA:1,1
DA:4,1
DA:8,1
DA:10,1
DA:11,3
DA:25,3
DA:28,1
DA:29,0
DA:33,1
DA:34,0
DA:37,1
DA:38,0
DA:42,1
DA:43,0
DA:47,1
DA:48,0
DA:51,1
DA:52,0
DA:56,1
DA:57,0
DA:61,1
DA:62,0
DA:65,1
DA:66,0
DA:70,1
DA:72,0
DA:76,1
DA:77,0
DA:80,1
DA:81,0
DA:85,1
DA:86,0
DA:90,1
DA:91,0
DA:94,1
DA:95,0
DA:99,1
DA:101,0
DA:105,1
DA:106,0
DA:109,1
DA:110,0
DA:114,1
DA:115,0
DA:119,1
DA:120,0
DA:124,1
DA:125,0
DA:129,1
DA:130,0
DA:133,1
DA:134,0
DA:138,1
DA:139,0
DA:143,1
DA:144,0
DA:147,1
DA:148,0
DA:152,1
DA:153,0
DA:157,1
DA:158,0
DA:161,1
DA:162,0
LF:64
LH:35
BRF:0
BRH:0
end_of_record
TN:
SF:./src/client/app/core/storageservice.js
FN:10,(anonymous_1)
FN:17,storageservice
FN:25,get
FN:29,set
FN:33,unset
FNF:5
FNH:3
FNDA:1,(anonymous_1)
FNDA:8,storageservice
FNDA:6,get
FNDA:0,set
FNDA:0,unset
DA:10,1
DA:13,1
DA:17,1
DA:19,8
DA:25,1
DA:26,6
DA:29,1
DA:30,0
DA:33,1
DA:34,0
LF:10
LH:8
BRF:0
BRH:0
end_of_record
TN:
SF:./src/client/app/dashboard/dashboard.controller.js
FN:1,(anonymous_1)
FN:10,DashboardController
FN:23,activate
FN:25,(anonymous_4)
FN:30,getDoctors
FN:31,(anonymous_6)
FNF:6
FNH:1
FNDA:1,(anonymous_1)
FNDA:0,DashboardController
FNDA:0,activate
FNDA:0,(anonymous_4)
FNDA:0,getDoctors
FNDA:0,(anonymous_6)
DA:1,1
DA:4,1
DA:8,1
DA:10,1
DA:12,0
DA:13,0
DA:17,0
DA:18,0
DA:19,0
DA:21,0
DA:23,1
DA:24,0
DA:25,0
DA:26,0
DA:30,1
DA:31,0
DA:32,0
DA:33,0
LF:18
LH:6
BRF:0
BRH:0
end_of_record
TN:
SF:./src/client/app/dashboard/dashboard.route.js
FN:1,(anonymous_1)
FN:10,appRun
FN:14,getStates
FNF:3
FNH:1
FNDA:1,(anonymous_1)
FNDA:0,appRun
FNDA:0,getStates
DA:1,1
DA:4,1
DA:8,1
DA:10,1
DA:11,0
DA:14,1
DA:15,0
LF:7
LH:5
BRF:0
BRH:0
end_of_record
TN:
SF:./src/client/app/layout/ht-sidebar.directive.js
FN:1,(anonymous_1)
FN:9,htSidebar
FN:26,link
FN:32,dropdown
FNF:4
FNH:3
FNDA:1,(anonymous_1)
FNDA:1,htSidebar
FNDA:1,link
FNDA:0,dropdown
DA:1,1
DA:4,1
DA:9,1
DA:16,1
DA:24,1
DA:26,1
DA:27,1
DA:28,1
DA:29,1
DA:30,1
DA:32,1
DA:33,0
DA:34,0
DA:35,0
DA:36,0
DA:37,0
DA:38,0
DA:39,0
DA:40,0
LF:19
LH:11
BRDA:35,1,0,0
BRDA:35,1,1,0
BRDA:38,2,0,0
BRDA:38,2,1,0
BRF:4
BRH:0
end_of_record
TN:
SF:./src/client/app/layout/ht-top-nav.directive.js
FN:1,(anonymous_1)
FN:9,htTopNav
FN:22,TopNavController
FNF:3
FNH:1
FNDA:1,(anonymous_1)
FNDA:0,htTopNav
FNDA:0,TopNavController
DA:1,1
DA:4,1
DA:9,1
DA:10,0
DA:22,1
DA:23,0
DA:26,0
LF:7
LH:4
BRF:0
BRH:0
end_of_record
TN:
SF:./src/client/app/layout/shell.controller.js
FN:1,(anonymous_1)
FN:10,ShellController
FN:23,activate
FN:28,hideSplash
FN:30,(anonymous_5)
FNF:5
FNH:5
FNDA:1,(anonymous_1)
FNDA:3,ShellController
FNDA:3,activate
FNDA:3,hideSplash
FNDA:1,(anonymous_5)
DA:1,1
DA:4,1
DA:8,1
DA:10,1
DA:11,3
DA:12,3
DA:13,3
DA:14,3
DA:15,3
DA:21,3
DA:23,1
DA:24,3
DA:25,3
DA:28,1
DA:30,3
DA:31,1
LF:16
LH:16
BRF:0
BRH:0
end_of_record
TN:
SF:./src/client/app/layout/sidebar.controller.js
FN:1,(anonymous_1)
FN:10,SidebarController
FN:20,activate
FN:22,getNavRoutes
FN:24,(anonymous_5)
FN:26,(anonymous_6)
FN:31,(anonymous_7)
FN:33,(anonymous_8)
FN:38,(anonymous_9)
FN:40,(anonymous_10)
FN:47,isCurrent
FN:55,logout
FNF:12
FNH:4
FNDA:1,(anonymous_1)
FNDA:1,SidebarController
FNDA:1,activate
FNDA:1,getNavRoutes
FNDA:0,(anonymous_5)
FNDA:0,(anonymous_6)
FNDA:0,(anonymous_7)
FNDA:0,(anonymous_8)
FNDA:0,(anonymous_9)
FNDA:0,(anonymous_10)
FNDA:0,isCurrent
FNDA:0,logout
DA:1,1
DA:4,1
DA:8,1
DA:10,1
DA:12,1
DA:13,1
DA:14,1
DA:15,1
DA:16,1
DA:18,1
DA:20,1
DA:22,1
DA:23,1
DA:24,0
DA:25,0
DA:27,0
DA:30,0
DA:31,0
DA:32,0
DA:34,0
DA:38,0
DA:39,0
DA:41,0
DA:47,1
DA:48,0
DA:49,0
DA:51,0
DA:52,0
DA:55,1
DA:56,0
LF:30
LH:15
BRDA:23,1,0,0
BRDA:23,1,1,0
BRDA:25,2,0,0
BRDA:25,2,1,0
BRDA:25,2,2,0
BRDA:30,3,0,0
BRDA:30,3,1,0
BRDA:32,4,0,0
BRDA:32,4,1,0
BRDA:32,4,2,0
BRDA:39,5,0,0
BRDA:39,5,1,0
BRDA:39,5,2,0
BRDA:48,6,0,0
BRDA:48,6,1,0
BRDA:48,7,0,0
BRDA:48,7,1,0
BRDA:48,7,2,0
BRDA:52,8,0,0
BRDA:52,8,1,0
BRF:20
BRH:0
end_of_record
TN:
SF:./src/client/app/patient/patient.controller.js
FN:1,(anonymous_1)
FN:11,PatientController
FN:27,activate
FN:29,(anonymous_4)
FN:34,getPatient
FN:35,(anonymous_6)
FN:41,getAppointments
FN:42,(anonymous_8)
FN:48,validateAppointment
FN:52,(anonymous_10)
FN:57,(anonymous_11)
FN:60,(anonymous_12)
FN:64,(anonymous_13)
FN:72,(anonymous_14)
FN:75,(anonymous_15)
FNF:15
FNH:1
FNDA:1,(anonymous_1)
FNDA:0,PatientController
FNDA:0,activate
FNDA:0,(anonymous_4)
FNDA:0,getPatient
FNDA:0,(anonymous_6)
FNDA:0,getAppointments
FNDA:0,(anonymous_8)
FNDA:0,validateAppointment
FNDA:0,(anonymous_10)
FNDA:0,(anonymous_11)
FNDA:0,(anonymous_12)
FNDA:0,(anonymous_13)
FNDA:0,(anonymous_14)
FNDA:0,(anonymous_15)
DA:1,1
DA:4,1
DA:8,1
DA:11,1
DA:14,0
DA:16,0
DA:17,0
DA:18,0
DA:19,0
DA:21,0
DA:23,0
DA:27,1
DA:28,0
DA:29,0
DA:30,0
DA:34,1
DA:35,0
DA:36,0
DA:37,0
DA:41,1
DA:42,0
DA:43,0
DA:44,0
DA:48,1
DA:49,0
DA:52,0
DA:54,0
DA:58,0
DA:60,0
DA:61,0
DA:64,0
DA:65,0
DA:72,0
DA:73,0
DA:74,0
DA:76,0
LF:36
LH:8
BRF:0
BRH:0
end_of_record
TN:
SF:./src/client/app/patient/patient.route.js
FN:1,(anonymous_1)
FN:10,appRun
FN:14,getStates
FNF:3
FNH:1
FNDA:1,(anonymous_1)
FNDA:0,appRun
FNDA:0,getStates
DA:1,1
DA:4,1
DA:8,1
DA:10,1
DA:11,0
DA:14,1
DA:15,0
LF:7
LH:5
BRF:0
BRH:0
end_of_record
TN:
SF:./src/client/app/widgets/ht-img-person.directive.js
FN:1,(anonymous_1)
FN:10,htImgPerson
FN:21,link
FN:22,(anonymous_4)
FNF:4
FNH:1
FNDA:1,(anonymous_1)
FNDA:0,htImgPerson
FNDA:0,link
FNDA:0,(anonymous_4)
DA:1,1
DA:4,1
DA:8,1
DA:10,1
DA:13,0
DA:14,0
DA:15,0
DA:19,0
DA:21,1
DA:22,0
DA:23,0
DA:24,0
LF:12
LH:5
BRDA:23,1,0,0
BRDA:23,1,1,0
BRF:2
BRH:0
end_of_record
TN:
SF:./src/client/app/widgets/ht-widget-header.directive.js
FN:1,(anonymous_1)
FN:9,htWidgetHeader
FNF:2
FNH:1
FNDA:1,(anonymous_1)
FNDA:0,htWidgetHeader
DA:1,1
DA:4,1
DA:9,1
DA:16,0
DA:26,0
LF:5
LH:3
BRF:0
BRH:0
end_of_record
